Wed Dec 31 13:47:00 2014 UTC - Module file name: G:\Games\steam\gameoverlayrenderer.dll
Wed Dec 31 13:47:00 2014 UTC - GameID = 227300
Wed Dec 31 13:47:00 2014 UTC - System page size: 4096
Wed Dec 31 13:47:00 2014 UTC - Hooking SetCursorPos, GetCursorPos, ShowCursor, and SetCursor
Wed Dec 31 13:47:00 2014 UTC - System page size: 4096
Wed Dec 31 13:47:00 2014 UTC - Modules at GameOverlayRenderer.dll attach
Wed Dec 31 13:47:00 2014 UTC - 01: steam.exe - (0X01370000 to 0X015C9000)
Wed Dec 31 13:47:00 2014 UTC - 02: ntdll.dll - (0X77DD0000 to 0X77F50000)
Wed Dec 31 13:47:00 2014 UTC - 03: kernel32.dll - (0X76AB0000 to 0X76BC0000)
Wed Dec 31 13:47:00 2014 UTC - 04: KERNELBASE.dll - (0X76CB0000 to 0X76CF7000)
Wed Dec 31 13:47:00 2014 UTC - 05: WS2_32.dll - (0X76D30000 to 0X76D65000)
Wed Dec 31 13:47:00 2014 UTC - 06: msvcrt.dll - (0X767D0000 to 0X7687C000)
Wed Dec 31 13:47:00 2014 UTC - 07: RPCRT4.dll - (0X76480000 to 0X76570000)
Wed Dec 31 13:47:00 2014 UTC - 08: SspiCli.dll - (0X75770000 to 0X757D0000)
Wed Dec 31 13:47:00 2014 UTC - 09: CRYPTBASE.dll - (0X75760000 to 0X7576C000)
Wed Dec 31 13:47:00 2014 UTC - 10: sechost.dll - (0X76D10000 to 0X76D29000)
Wed Dec 31 13:47:00 2014 UTC - 11: NSI.dll - (0X76BC0000 to 0X76BC6000)
Wed Dec 31 13:47:00 2014 UTC - 12: COMCTL32.dll - (0X73BE0000 to 0X73D7E000)
Wed Dec 31 13:47:00 2014 UTC - 13: GDI32.dll - (0X76A20000 to 0X76AB0000)
Wed Dec 31 13:47:00 2014 UTC - 14: USER32.dll - (0X76610000 to 0X76710000)
Wed Dec 31 13:47:00 2014 UTC - 15: ADVAPI32.dll - (0X76C00000 to 0X76CA0000)
Wed Dec 31 13:47:00 2014 UTC - 16: LPK.dll - (0X77900000 to 0X7790A000)
Wed Dec 31 13:47:00 2014 UTC - 17: USP10.dll - (0X77910000 to 0X779AD000)
Wed Dec 31 13:47:00 2014 UTC - 18: SHLWAPI.dll - (0X776C0000 to 0X77717000)
Wed Dec 31 13:47:00 2014 UTC - 19: SHELL32.dll - (0X757D0000 to 0X7641A000)
Wed Dec 31 13:47:00 2014 UTC - 20: OLEAUT32.dll - (0X77620000 to 0X776AF000)
Wed Dec 31 13:47:00 2014 UTC - 21: ole32.dll - (0X774C0000 to 0X7761C000)
Wed Dec 31 13:47:00 2014 UTC - 22: IMM32.DLL - (0X76420000 to 0X76480000)
Wed Dec 31 13:47:00 2014 UTC - 23: MSCTF.dll - (0X76E40000 to 0X76F0C000)
Wed Dec 31 13:47:00 2014 UTC - 24: gameoverlayrenderer.dll - (0X5EC40000 to 0X5ED8C000)
Wed Dec 31 13:47:00 2014 UTC - 25: WINMM.dll - (0X756A0000 to 0X756D2000)
Wed Dec 31 13:47:00 2014 UTC - 26: psapi.dll - (0X774B0000 to 0X774B5000)
Wed Dec 31 13:47:00 2014 UTC - ----------------------------
Wed Dec 31 13:47:00 2014 UTC - Found GetModuleHandleEx
Wed Dec 31 13:47:00 2014 UTC - GameOverlayRenderer.dll detaching
